# JRE version: OpenJDK Runtime Environment Temurin-21.0.10+7 (21.0.10+7) (build 21.0.10+7-LTS)
# Java VM: OpenJDK 64-Bit Server VM Temurin-21.0.10+7 (21.0.10+7-LTS, mixed mode, sharing, tiered, compressed oops, compressed class ptrs, parallel gc, windows-amd64)
GC Precious Log:
 CardTable entry size: 512
 CPUs: 12 total, 12 available
 Memory: 16336M
 Large Page Support: Disabled
 NUMA Support: Disabled
 Compressed Oops: Enabled (32-bit)
 Alignments: Space 512K, Generation 512K, Heap 2M
 Heap Min Capacity: 100M
 Heap Initial Capacity: 100M
 Heap Max Capacity: 2G
 Pre-touch: Disabled
 Parallel Workers: 10
Heap:
 PSYoungGen      total 3584K, used 288K [0x00000000d5580000, 0x00000000d5a80000, 0x0000000100000000)
  eden space 1536K, 0% used [0x00000000d5580000,0x00000000d5580000,0x00000000d5700000)
  from space 2048K, 14% used [0x00000000d5700000,0x00000000d5748000,0x00000000d5900000)
  to   space 1024K, 0% used [0x00000000d5980000,0x00000000d5980000,0x00000000d5a80000)
 ParOldGen       total 314880K, used 314735K [0x0000000080000000, 0x0000000093380000, 0x00000000d5580000)
  object space 314880K, 99% used [0x0000000080000000,0x000000009335bf30,0x0000000093380000)
 Metaspace       used 28954K, committed 30208K, reserved 1114112K
  class space    used 2501K, committed 3072K, reserved 1048576K
GC Heap History (20 events):
Event: 259.102 GC heap after
{Heap after GC invocations=409 (full 1):
 PSYoungGen      total 3072K, used 464K [0x00000000d5580000, 0x00000000d5980000, 0x0000000100000000)
  eden space 2048K, 0% used [0x00000000d5580000,0x00000000d5580000,0x00000000d5780000)
  from space 1024K, 45% used [0x00000000d5880000,0x00000000d58f4010,0x00000000d5980000)
  to   space 1024K, 0% used [0x00000000d5780000,0x00000000d5780000,0x00000000d5880000)
 ParOldGen       total 310784K, used 310690K [0x0000000080000000, 0x0000000092f80000, 0x00000000d5580000)
  object space 310784K, 99% used [0x0000000080000000,0x0000000092f68b10,0x0000000092f80000)
 Metaspace       used 28929K, committed 30208K, reserved 1114112K
  class space    used 2501K, committed 3072K, reserved 1048576K
}
Event: 259.110 GC heap before
{Heap before GC invocations=410 (full 1):
 PSYoungGen      total 3072K, used 2512K [0x00000000d5580000, 0x00000000d5980000, 0x0000000100000000)
  eden space 2048K, 100% used [0x00000000d5580000,0x00000000d5780000,0x00000000d5780000)
  from space 1024K, 45% used [0x00000000d5880000,0x00000000d58f4010,0x00000000d5980000)
  to   space 1024K, 0% used [0x00000000d5780000,0x00000000d5780000,0x00000000d5880000)
 ParOldGen       total 310784K, used 310690K [0x0000000080000000, 0x0000000092f80000, 0x00000000d5580000)
  object space 310784K, 99% used [0x0000000080000000,0x0000000092f68b10,0x0000000092f80000)
 Metaspace       used 28934K, committed 30208K, reserved 1114112K
  class space    used 2501K, committed 3072K, reserved 1048576K
}
Event: 259.111 GC heap after
{Heap after GC invocations=410 (full 1):
 PSYoungGen      total 3072K, used 320K [0x00000000d5580000, 0x00000000d5900000, 0x0000000100000000)
  eden space 2048K, 0% used [0x00000000d5580000,0x00000000d5580000,0x00000000d5780000)
  from space 1024K, 31% used [0x00000000d5780000,0x00000000d57d0000,0x00000000d5880000)
  to   space 512K, 0% used [0x00000000d5880000,0x00000000d5880000,0x00000000d5900000)
 ParOldGen       total 310784K, used 310770K [0x0000000080000000, 0x0000000092f80000, 0x00000000d5580000)
  object space 310784K, 99% used [0x0000000080000000,0x0000000092f7cb10,0x0000000092f80000)
 Metaspace       used 28934K, committed 30208K, reserved 1114112K
  class space    used 2501K, committed 3072K, reserved 1048576K
}
Event: 259.758 GC heap before
{Heap before GC invocations=411 (full 1):
 PSYoungGen      total 3072K, used 2368K [0x00000000d5580000, 0x00000000d5900000, 0x0000000100000000)
  eden space 2048K, 100% used [0x00000000d5580000,0x00000000d5780000,0x00000000d5780000)
  from space 1024K, 31% used [0x00000000d5780000,0x00000000d57d0000,0x00000000d5880000)
  to   space 512K, 0% used [0x00000000d5880000,0x00000000d5880000,0x00000000d5900000)
 ParOldGen       total 310784K, used 310770K [0x0000000080000000, 0x0000000092f80000, 0x00000000d5580000)
  object space 310784K, 99% used [0x0000000080000000,0x0000000092f7cb10,0x0000000092f80000)
 Metaspace       used 28946K, committed 30208K, reserved 1114112K
  class space    used 2501K, committed 3072K, reserved 1048576K
}
Event: 259.759 GC heap after
{Heap after GC invocations=411 (full 1):
 PSYoungGen      total 2560K, used 288K [0x00000000d5580000, 0x00000000d5900000, 0x0000000100000000)
  eden space 2048K, 0% used [0x00000000d5580000,0x00000000d5580000,0x00000000d5780000)
  from space 512K, 56% used [0x00000000d5880000,0x00000000d58c8000,0x00000000d5900000)
  to   space 512K, 0% used [0x00000000d5800000,0x00000000d5800000,0x00000000d5880000)
 ParOldGen       total 311296K, used 310842K [0x0000000080000000, 0x0000000093000000, 0x00000000d5580000)
  object space 311296K, 99% used [0x0000000080000000,0x0000000092f8eb10,0x0000000093000000)
 Metaspace       used 28946K, committed 30208K, reserved 1114112K
  class space    used 2501K, committed 3072K, reserved 1048576K
}
Event: 259.765 GC heap before
{Heap before GC invocations=412 (full 1):
 PSYoungGen      total 2560K, used 2335K [0x00000000d5580000, 0x00000000d5900000, 0x0000000100000000)
  eden space 2048K, 99% used [0x00000000d5580000,0x00000000d577fff8,0x00000000d5780000)
  from space 512K, 56% used [0x00000000d5880000,0x00000000d58c8000,0x00000000d5900000)
  to   space 512K, 0% used [0x00000000d5800000,0x00000000d5800000,0x00000000d5880000)
 ParOldGen       total 311296K, used 310842K [0x0000000080000000, 0x0000000093000000, 0x00000000d5580000)
  object space 311296K, 99% used [0x0000000080000000,0x0000000092f8eb10,0x0000000093000000)
 Metaspace       used 28951K, committed 30208K, reserved 1114112K
  class space    used 2501K, committed 3072K, reserved 1048576K
}
Event: 259.767 GC heap after
{Heap after GC invocations=412 (full 1):
 PSYoungGen      total 2560K, used 512K [0x00000000d5580000, 0x00000000d5980000, 0x0000000100000000)
  eden space 2048K, 0% used [0x00000000d5580000,0x00000000d5580000,0x00000000d5780000)
  from space 512K, 100% used [0x00000000d5800000,0x00000000d5880000,0x00000000d5880000)
  to   space 1024K, 0% used [0x00000000d5880000,0x00000000d5880000,0x00000000d5980000)
 ParOldGen       total 311296K, used 310930K [0x0000000080000000, 0x0000000093000000, 0x00000000d5580000)
  object space 311296K, 99% used [0x0000000080000000,0x0000000092fa4b20,0x0000000093000000)
 Metaspace       used 28951K, committed 30208K, reserved 1114112K
  class space    used 2501K, committed 3072K, reserved 1048576K
}
Event: 259.772 GC heap before
{Heap before GC invocations=413 (full 1):
 PSYoungGen      total 2560K, used 2560K [0x00000000d5580000, 0x00000000d5980000, 0x0000000100000000)
  eden space 2048K, 100% used [0x00000000d5580000,0x00000000d5780000,0x00000000d5780000)
  from space 512K, 100% used [0x00000000d5800000,0x00000000d5880000,0x00000000d5880000)
  to   space 1024K, 0% used [0x00000000d5880000,0x00000000d5880000,0x00000000d5980000)
 ParOldGen       total 311296K, used 310930K [0x0000000080000000, 0x0000000093000000, 0x00000000d5580000)
  object space 311296K, 99% used [0x0000000080000000,0x0000000092fa4b20,0x0000000093000000)
 Metaspace       used 28951K, committed 30208K, reserved 1114112K
  class space    used 2501K, committed 3072K, reserved 1048576K
}
Event: 259.774 GC heap after
{Heap after GC invocations=413 (full 1):
 PSYoungGen      total 3072K, used 834K [0x00000000d5580000, 0x00000000d5980000, 0x0000000100000000)
  eden space 2048K, 0% used [0x00000000d5580000,0x00000000d5580000,0x00000000d5780000)
  from space 1024K, 81% used [0x00000000d5880000,0x00000000d5950850,0x00000000d5980000)
  to   space 1024K, 0% used [0x00000000d5780000,0x00000000d5780000,0x00000000d5880000)
 ParOldGen       total 311808K, used 311309K [0x0000000080000000, 0x0000000093080000, 0x00000000d5580000)
  object space 311808K, 99% used [0x0000000080000000,0x0000000093003420,0x0000000093080000)
 Metaspace       used 28951K, committed 30208K, reserved 1114112K
  class space    used 2501K, committed 3072K, reserved 1048576K
}
Event: 259.776 GC heap before
{Heap before GC invocations=414 (full 1):
 PSYoungGen      total 3072K, used 2882K [0x00000000d5580000, 0x00000000d5980000, 0x0000000100000000)
  eden space 2048K, 100% used [0x00000000d5580000,0x00000000d5780000,0x00000000d5780000)
  from space 1024K, 81% used [0x00000000d5880000,0x00000000d5950850,0x00000000d5980000)
  to   space 1024K, 0% used [0x00000000d5780000,0x00000000d5780000,0x00000000d5880000)
 ParOldGen       total 311808K, used 311309K [0x0000000080000000, 0x0000000093080000, 0x00000000d5580000)
  object space 311808K, 99% used [0x0000000080000000,0x0000000093003420,0x0000000093080000)
 Metaspace       used 28951K, committed 30208K, reserved 1114112K
  class space    used 2501K, committed 3072K, reserved 1048576K
}
Event: 259.778 GC heap after
{Heap after GC invocations=414 (full 1):
 PSYoungGen      total 3072K, used 768K [0x00000000d5580000, 0x00000000d5a00000, 0x0000000100000000)
  eden space 2048K, 0% used [0x00000000d5580000,0x00000000d5580000,0x00000000d5780000)
  from space 1024K, 75% used [0x00000000d5780000,0x00000000d5840000,0x00000000d5880000)
  to   space 1024K, 0% used [0x00000000d5900000,0x00000000d5900000,0x00000000d5a00000)
 ParOldGen       total 312320K, used 312028K [0x0000000080000000, 0x0000000093100000, 0x00000000d5580000)
  object space 312320K, 99% used [0x0000000080000000,0x00000000930b7390,0x0000000093100000)
 Metaspace       used 28951K, committed 30208K, reserved 1114112K
  class space    used 2501K, committed 3072K, reserved 1048576K
}
Event: 259.780 GC heap before
{Heap before GC invocations=415 (full 1):
 PSYoungGen      total 3072K, used 2816K [0x00000000d5580000, 0x00000000d5a00000, 0x0000000100000000)
  eden space 2048K, 100% used [0x00000000d5580000,0x00000000d5780000,0x00000000d5780000)
  from space 1024K, 75% used [0x00000000d5780000,0x00000000d5840000,0x00000000d5880000)
  to   space 1024K, 0% used [0x00000000d5900000,0x00000000d5900000,0x00000000d5a00000)
 ParOldGen       total 312320K, used 312028K [0x0000000080000000, 0x0000000093100000, 0x00000000d5580000)
  object space 312320K, 99% used [0x0000000080000000,0x00000000930b7390,0x0000000093100000)
 Metaspace       used 28951K, committed 30208K, reserved 1114112K
  class space    used 2501K, committed 3072K, reserved 1048576K
}
Event: 259.782 GC heap after
{Heap after GC invocations=415 (full 1):
 PSYoungGen      total 3584K, used 480K [0x00000000d5580000, 0x00000000d5a00000, 0x0000000100000000)
  eden space 2560K, 0% used [0x00000000d5580000,0x00000000d5580000,0x00000000d5800000)
  from space 1024K, 46% used [0x00000000d5900000,0x00000000d5978000,0x00000000d5a00000)
  to   space 1024K, 0% used [0x00000000d5800000,0x00000000d5800000,0x00000000d5900000)
 ParOldGen       total 312832K, used 312762K [0x0000000080000000, 0x0000000093180000, 0x00000000d5580000)
  object space 312832K, 99% used [0x0000000080000000,0x000000009316eab0,0x0000000093180000)
 Metaspace       used 28951K, committed 30208K, reserved 1114112K
  class space    used 2501K, committed 3072K, reserved 1048576K
}
Event: 259.793 GC heap before
{Heap before GC invocations=416 (full 1):
 PSYoungGen      total 3584K, used 3039K [0x00000000d5580000, 0x00000000d5a00000, 0x0000000100000000)
  eden space 2560K, 99% used [0x00000000d5580000,0x00000000d57fffc8,0x00000000d5800000)
  from space 1024K, 46% used [0x00000000d5900000,0x00000000d5978000,0x00000000d5a00000)
  to   space 1024K, 0% used [0x00000000d5800000,0x00000000d5800000,0x00000000d5900000)
 ParOldGen       total 312832K, used 312762K [0x0000000080000000, 0x0000000093180000, 0x00000000d5580000)
  object space 312832K, 99% used [0x0000000080000000,0x000000009316eab0,0x0000000093180000)
 Metaspace       used 28954K, committed 30208K, reserved 1114112K
  class space    used 2501K, committed 3072K, reserved 1048576K
}
Event: 259.794 GC heap after
{Heap after GC invocations=416 (full 1):
 PSYoungGen      total 3584K, used 256K [0x00000000d5580000, 0x00000000d5980000, 0x0000000100000000)
  eden space 2560K, 0% used [0x00000000d5580000,0x00000000d5580000,0x00000000d5800000)
  from space 1024K, 25% used [0x00000000d5800000,0x00000000d5840000,0x00000000d5900000)
  to   space 512K, 0% used [0x00000000d5900000,0x00000000d5900000,0x00000000d5980000)
 ParOldGen       total 313344K, used 313023K [0x0000000080000000, 0x0000000093200000, 0x00000000d5580000)
  object space 313344K, 99% used [0x0000000080000000,0x00000000931aff30,0x0000000093200000)
 Metaspace       used 28954K, committed 30208K, reserved 1114112K
  class space    used 2501K, committed 3072K, reserved 1048576K
}
Event: 259.802 GC heap before
{Heap before GC invocations=417 (full 1):
 PSYoungGen      total 3584K, used 2816K [0x00000000d5580000, 0x00000000d5980000, 0x0000000100000000)
  eden space 2560K, 100% used [0x00000000d5580000,0x00000000d5800000,0x00000000d5800000)
  from space 1024K, 25% used [0x00000000d5800000,0x00000000d5840000,0x00000000d5900000)
  to   space 512K, 0% used [0x00000000d5900000,0x00000000d5900000,0x00000000d5980000)
 ParOldGen       total 313344K, used 313023K [0x0000000080000000, 0x0000000093200000, 0x00000000d5580000)
  object space 313344K, 99% used [0x0000000080000000,0x00000000931aff30,0x0000000093200000)
 Metaspace       used 28954K, committed 30208K, reserved 1114112K
  class space    used 2501K, committed 3072K, reserved 1048576K
}
Event: 259.804 GC heap after
{Heap after GC invocations=417 (full 1):
 PSYoungGen      total 2048K, used 512K [0x00000000d5580000, 0x00000000d5c80000, 0x0000000100000000)
  eden space 1536K, 0% used [0x00000000d5580000,0x00000000d5580000,0x00000000d5700000)
  from space 512K, 100% used [0x00000000d5900000,0x00000000d5980000,0x00000000d5980000)
  to   space 2048K, 0% used [0x00000000d5700000,0x00000000d5700000,0x00000000d5900000)
 ParOldGen       total 314368K, used 314183K [0x0000000080000000, 0x0000000093300000, 0x00000000d5580000)
  object space 314368K, 99% used [0x0000000080000000,0x00000000932d1f30,0x0000000093300000)
 Metaspace       used 28954K, committed 30208K, reserved 1114112K
  class space    used 2501K, committed 3072K, reserved 1048576K
}
Event: 259.805 GC heap before
{Heap before GC invocations=418 (full 1):
 PSYoungGen      total 2048K, used 557K [0x00000000d5580000, 0x00000000d5c80000, 0x0000000100000000)
  eden space 1536K, 2% used [0x00000000d5580000,0x00000000d558b4b0,0x00000000d5700000)
  from space 512K, 100% used [0x00000000d5900000,0x00000000d5980000,0x00000000d5980000)
  to   space 2048K, 0% used [0x00000000d5700000,0x00000000d5700000,0x00000000d5900000)
 ParOldGen       total 314368K, used 314183K [0x0000000080000000, 0x0000000093300000, 0x00000000d5580000)
  object space 314368K, 99% used [0x0000000080000000,0x00000000932d1f30,0x0000000093300000)
 Metaspace       used 28954K, committed 30208K, reserved 1114112K
  class space    used 2501K, committed 3072K, reserved 1048576K
}
Event: 259.806 GC heap after
{Heap after GC invocations=418 (full 1):
 PSYoungGen      total 3584K, used 288K [0x00000000d5580000, 0x00000000d5a80000, 0x0000000100000000)
  eden space 1536K, 0% used [0x00000000d5580000,0x00000000d5580000,0x00000000d5700000)
  from space 2048K, 14% used [0x00000000d5700000,0x00000000d5748000,0x00000000d5900000)
  to   space 1024K, 0% used [0x00000000d5980000,0x00000000d5980000,0x00000000d5a80000)
 ParOldGen       total 314880K, used 314735K [0x0000000080000000, 0x0000000093380000, 0x00000000d5580000)
  object space 314880K, 99% used [0x0000000080000000,0x000000009335bf30,0x0000000093380000)
 Metaspace       used 28954K, committed 30208K, reserved 1114112K
  class space    used 2501K, committed 3072K, reserved 1048576K
}
Event: 259.806 GC heap before
{Heap before GC invocations=419 (full 2):
 PSYoungGen      total 3584K, used 288K [0x00000000d5580000, 0x00000000d5a80000, 0x0000000100000000)
  eden space 1536K, 0% used [0x00000000d5580000,0x00000000d5580000,0x00000000d5700000)
  from space 2048K, 14% used [0x00000000d5700000,0x00000000d5748000,0x00000000d5900000)
  to   space 1024K, 0% used [0x00000000d5980000,0x00000000d5980000,0x00000000d5a80000)
 ParOldGen       total 314880K, used 314735K [0x0000000080000000, 0x0000000093380000, 0x00000000d5580000)
  object space 314880K, 99% used [0x0000000080000000,0x000000009335bf30,0x0000000093380000)
 Metaspace       used 28954K, committed 30208K, reserved 1114112K
  class space    used 2501K, committed 3072K, reserved 1048576K
}

